<?xml version="1.0" encoding="UTF-8"?>
<!-- Generated by org.testng.reporters.JUnitXMLReporter -->
<testsuite ignored="0" hostname="badabeeddccfaccacaeefddadedebfeeccfcae-0" failures="2" tests="3" name="Surefire test" time="38.719" errors="0" timestamp="2023-08-17T12:59:43 UTC">
  <testcase classname="testcases.Testcase1" name="TestTodaysDeal" time="5.572"/>
  <testcase classname="testcases.Testcase1" name="TestProductClick" time="8.943">
    <failure type="java.lang.AssertionError" message="expected [Oneplus New Launch: Bullets Z2 ANC] but found [2 results
Sort by:
        
            Featured
        
            Price: Low to High
        
            Price: High to Low
        
            Avg. Customer Review
        
            Newest Arrivals
        
    Sort by:Featured]">
      <![CDATA[java.lang.AssertionError: expected [Oneplus New Launch: Bullets Z2 ANC] but found [2 results
Sort by:
        
            Featured
        
            Price: Low to High
        
            Price: High to Low
        
            Avg. Customer Review
        
            Newest Arrivals
        
    Sort by:Featured]
at testcases.Testcase1.TestProductClick(Testcase1.java:84)
at java.base/java.util.ArrayList.forEach(ArrayList.java:1541)
... Removed 38 stack frames]]>
    </failure>
  </testcase> <!-- TestProductClick -->
  <testcase classname="testcases.Testcase1" name="AddCartTest" time="9.005">
    <failure type="java.lang.AssertionError" message="expected [Oneplus New Launch: Bullets Z2 ANC] but found [2 results
Sort by:
        
            Featured
        
            Price: Low to High
        
            Price: High to Low
        
            Avg. Customer Review
        
            Newest Arrivals
        
    Sort by:Featured]">
      <![CDATA[java.lang.AssertionError: expected [Oneplus New Launch: Bullets Z2 ANC] but found [2 results
Sort by:
        
            Featured
        
            Price: Low to High
        
            Price: High to Low
        
            Avg. Customer Review
        
            Newest Arrivals
        
    Sort by:Featured]
at testcases.Testcase1.AddCartTest(Testcase1.java:117)
at java.base/java.util.ArrayList.forEach(ArrayList.java:1541)
... Removed 38 stack frames]]>
    </failure>
  </testcase> <!-- AddCartTest -->
</testsuite> <!-- Surefire test -->
